<?xml version="1.0" encoding="UTF-8"?>
<testng-results skipped="0" failed="0" ignored="0" total="1" passed="1">
  <reporter-output>
  </reporter-output>
  <suite name="Default suite" duration-ms="36040" started-at="2022-10-13T07:03:33Z" finished-at="2022-10-13T07:04:09Z">
    <groups>
    </groups>
    <test name="Default test" duration-ms="36040" started-at="2022-10-13T07:03:33Z" finished-at="2022-10-13T07:04:09Z">
      <class name="WebPractice.webpractice.practice.Google">
        <test-method status="PASS" signature="beforeMethod()[pri:0, instance:WebPractice.webpractice.practice.Google@2286778]" name="beforeMethod" is-config="true" duration-ms="25" started-at="2022-10-13T07:03:33Z" finished-at="2022-10-13T07:03:33Z">
          <reporter-output>
          </reporter-output>
        </test-method> <!-- beforeMethod -->
        <test-method status="PASS" signature="f()[pri:0, instance:WebPractice.webpractice.practice.Google@2286778]" name="f" duration-ms="35683" started-at="2022-10-13T07:03:33Z" finished-at="2022-10-13T07:04:09Z">
          <reporter-output>
          </reporter-output>
        </test-method> <!-- f -->
        <test-method status="PASS" signature="afterMethod()[pri:0, instance:WebPractice.webpractice.practice.Google@2286778]" name="afterMethod" is-config="true" duration-ms="293" started-at="2022-10-13T07:04:09Z" finished-at="2022-10-13T07:04:09Z">
          <reporter-output>
          </reporter-output>
        </test-method> <!-- afterMethod -->
      </class> <!-- WebPractice.webpractice.practice.Google -->
    </test> <!-- Default test -->
  </suite> <!-- Default suite -->
</testng-results>
