<?xml version="1.0" encoding="UTF-8"?>
<!-- Generated by org.testng.reporters.JUnitXMLReporter -->
<testsuite hostname="165-dell-AhmedB" ignored="0" name="Test" tests="3" failures="0" timestamp="18 Dec 2019 06:23:11 GMT" time="117.967" errors="0">
  <testcase name="SubmitQuestions" time="38.846" classname="nb.NerdboxJobSubmit"/>
  <testcase name="AddQuote" time="21.84" classname="nb.NerdboxJobSubmit"/>
  <testcase name="AcceptQuote" time="38.921" classname="nb.NerdboxJobSubmit"/>
</testsuite> <!-- Test -->
